# JRE version: Java(TM) SE Runtime Environment (7.0_51-b13) (build 1.7.0_51-b13)
# Java VM: Java HotSpot(TM) 64-Bit Server VM (24.51-b03 mixed mode windows-amd64 compressed oops)
Heap
 PSYoungGen      total 66048K, used 9111K [0x00000000f5500000, 0x00000000ff200000, 0x0000000100000000)
  eden space 58368K, 2% used [0x00000000f5500000,0x00000000f56acfc8,0x00000000f8e00000)
  from space 7680K, 96% used [0x00000000f8f80000,0x00000000f96b8d58,0x00000000f9700000)
  to   space 51200K, 0% used [0x00000000fc000000,0x00000000fc000000,0x00000000ff200000)
 ParOldGen       total 136192K, used 67393K [0x00000000e0000000, 0x00000000e8500000, 0x00000000f5500000)
  object space 136192K, 49% used [0x00000000e0000000,0x00000000e41d0770,0x00000000e8500000)
 PSPermGen       total 86016K, used 57733K [0x00000000c0000000, 0x00000000c5400000, 0x00000000e0000000)
  object space 86016K, 67% used [0x00000000c0000000,0x00000000c3861660,0x00000000c5400000)
GC Heap History (10 events):
Event: 4517.995 GC heap before
{Heap before GC invocations=25 (full 2):
 PSYoungGen      total 120320K, used 66048K [0x00000000f5500000, 0x00000000fff80000, 0x0000000100000000)
  eden space 66048K, 100% used [0x00000000f5500000,0x00000000f9580000,0x00000000f9580000)
  from space 54272K, 0% used [0x00000000fca80000,0x00000000fca80000,0x00000000fff80000)
  to   space 54272K, 0% used [0x00000000f9580000,0x00000000f9580000,0x00000000fca80000)
 ParOldGen       total 136192K, used 67393K [0x00000000e0000000, 0x00000000e8500000, 0x00000000f5500000)
  object space 136192K, 49% used [0x00000000e0000000,0x00000000e41d0770,0x00000000e8500000)
 PSPermGen       total 86016K, used 56730K [0x00000000c0000000, 0x00000000c5400000, 0x00000000e0000000)
  object space 86016K, 65% used [0x00000000c0000000,0x00000000c3766aa8,0x00000000c5400000)
Event: 4518.002 GC heap after
Heap after GC invocations=25 (full 2):
 PSYoungGen      total 66048K, used 1526K [0x00000000f5500000, 0x0000000100000000, 0x0000000100000000)
  eden space 64512K, 0% used [0x00000000f5500000,0x00000000f5500000,0x00000000f9400000)
  from space 1536K, 99% used [0x00000000f9580000,0x00000000f96fd810,0x00000000f9700000)
  to   space 55296K, 0% used [0x00000000fca00000,0x00000000fca00000,0x0000000100000000)
 ParOldGen       total 136192K, used 67393K [0x00000000e0000000, 0x00000000e8500000, 0x00000000f5500000)
  object space 136192K, 49% used [0x00000000e0000000,0x00000000e41d0770,0x00000000e8500000)
 PSPermGen       total 86016K, used 56730K [0x00000000c0000000, 0x00000000c5400000, 0x00000000e0000000)
  object space 86016K, 65% used [0x00000000c0000000,0x00000000c3766aa8,0x00000000c5400000)
}
Event: 5796.219 GC heap before
{Heap before GC invocations=26 (full 2):
 PSYoungGen      total 66048K, used 66038K [0x00000000f5500000, 0x0000000100000000, 0x0000000100000000)
  eden space 64512K, 100% used [0x00000000f5500000,0x00000000f9400000,0x00000000f9400000)
  from space 1536K, 99% used [0x00000000f9580000,0x00000000f96fd810,0x00000000f9700000)
  to   space 55296K, 0% used [0x00000000fca00000,0x00000000fca00000,0x0000000100000000)
 ParOldGen       total 136192K, used 67393K [0x00000000e0000000, 0x00000000e8500000, 0x00000000f5500000)
  object space 136192K, 49% used [0x00000000e0000000,0x00000000e41d0770,0x00000000e8500000)
 PSPermGen       total 86016K, used 57025K [0x00000000c0000000, 0x00000000c5400000, 0x00000000e0000000)
  object space 86016K, 66% used [0x00000000c0000000,0x00000000c37b0598,0x00000000c5400000)
Event: 5796.225 GC heap after
Heap after GC invocations=26 (full 2):
 PSYoungGen      total 116736K, used 1641K [0x00000000f5500000, 0x00000000ffe80000, 0x0000000100000000)
  eden space 62976K, 0% used [0x00000000f5500000,0x00000000f5500000,0x00000000f9280000)
  from space 53760K, 3% used [0x00000000fca00000,0x00000000fcb9a760,0x00000000ffe80000)
  to   space 55296K, 0% used [0x00000000f9280000,0x00000000f9280000,0x00000000fc880000)
 ParOldGen       total 136192K, used 67393K [0x00000000e0000000, 0x00000000e8500000, 0x00000000f5500000)
  object space 136192K, 49% used [0x00000000e0000000,0x00000000e41d0770,0x00000000e8500000)
 PSPermGen       total 86016K, used 57025K [0x00000000c0000000, 0x00000000c5400000, 0x00000000e0000000)
  object space 86016K, 66% used [0x00000000c0000000,0x00000000c37b0598,0x00000000c5400000)
}
Event: 6201.685 GC heap before
{Heap before GC invocations=27 (full 2):
 PSYoungGen      total 116736K, used 64611K [0x00000000f5500000, 0x00000000ffe80000, 0x0000000100000000)
  eden space 62976K, 99% used [0x00000000f5500000,0x00000000f927e5b8,0x00000000f9280000)
  from space 53760K, 3% used [0x00000000fca00000,0x00000000fcb9a760,0x00000000ffe80000)
  to   space 55296K, 0% used [0x00000000f9280000,0x00000000f9280000,0x00000000fc880000)
 ParOldGen       total 136192K, used 67393K [0x00000000e0000000, 0x00000000e8500000, 0x00000000f5500000)
  object space 136192K, 49% used [0x00000000e0000000,0x00000000e41d0770,0x00000000e8500000)
 PSPermGen       total 86016K, used 57272K [0x00000000c0000000, 0x00000000c5400000, 0x00000000e0000000)
  object space 86016K, 66% used [0x00000000c0000000,0x00000000c37ee1f8,0x00000000c5400000)
Event: 6201.696 GC heap after
Heap after GC invocations=27 (full 2):
 PSYoungGen      total 67584K, used 5929K [0x00000000f5500000, 0x00000000ffb00000, 0x0000000100000000)
  eden space 61440K, 0% used [0x00000000f5500000,0x00000000f5500000,0x00000000f9100000)
  from space 6144K, 96% used [0x00000000f9280000,0x00000000f984a440,0x00000000f9880000)
  to   space 54272K, 0% used [0x00000000fc600000,0x00000000fc600000,0x00000000ffb00000)
 ParOldGen       total 136192K, used 67393K [0x00000000e0000000, 0x00000000e8500000, 0x00000000f5500000)
  object space 136192K, 49% used [0x00000000e0000000,0x00000000e41d0770,0x00000000e8500000)
 PSPermGen       total 86016K, used 57272K [0x00000000c0000000, 0x00000000c5400000, 0x00000000e0000000)
  object space 86016K, 66% used [0x00000000c0000000,0x00000000c37ee1f8,0x00000000c5400000)
}
Event: 6230.935 GC heap before
{Heap before GC invocations=28 (full 2):
 PSYoungGen      total 67584K, used 67369K [0x00000000f5500000, 0x00000000ffb00000, 0x0000000100000000)
  eden space 61440K, 100% used [0x00000000f5500000,0x00000000f9100000,0x00000000f9100000)
  from space 6144K, 96% used [0x00000000f9280000,0x00000000f984a440,0x00000000f9880000)
  to   space 54272K, 0% used [0x00000000fc600000,0x00000000fc600000,0x00000000ffb00000)
 ParOldGen       total 136192K, used 67393K [0x00000000e0000000, 0x00000000e8500000, 0x00000000f5500000)
  object space 136192K, 49% used [0x00000000e0000000,0x00000000e41d0770,0x00000000e8500000)
 PSPermGen       total 86016K, used 57493K [0x00000000c0000000, 0x00000000c5400000, 0x00000000e0000000)
  object space 86016K, 66% used [0x00000000c0000000,0x00000000c3825648,0x00000000c5400000)
Event: 6230.948 GC heap after
Heap after GC invocations=28 (full 2):
 PSYoungGen      total 109568K, used 8758K [0x00000000f5500000, 0x00000000ff680000, 0x0000000100000000)
  eden space 59904K, 0% used [0x00000000f5500000,0x00000000f5500000,0x00000000f8f80000)
  from space 49664K, 17% used [0x00000000fc600000,0x00000000fce8d878,0x00000000ff680000)
  to   space 52736K, 0% used [0x00000000f8f80000,0x00000000f8f80000,0x00000000fc300000)
 ParOldGen       total 136192K, used 67393K [0x00000000e0000000, 0x00000000e8500000, 0x00000000f5500000)
  object space 136192K, 49% used [0x00000000e0000000,0x00000000e41d0770,0x00000000e8500000)
 PSPermGen       total 86016K, used 57493K [0x00000000c0000000, 0x00000000c5400000, 0x00000000e0000000)
  object space 86016K, 66% used [0x00000000c0000000,0x00000000c3825648,0x00000000c5400000)
}
Event: 6738.860 GC heap before
{Heap before GC invocations=29 (full 2):
 PSYoungGen      total 109568K, used 68662K [0x00000000f5500000, 0x00000000ff680000, 0x0000000100000000)
  eden space 59904K, 100% used [0x00000000f5500000,0x00000000f8f80000,0x00000000f8f80000)
  from space 49664K, 17% used [0x00000000fc600000,0x00000000fce8d878,0x00000000ff680000)
  to   space 52736K, 0% used [0x00000000f8f80000,0x00000000f8f80000,0x00000000fc300000)
 ParOldGen       total 136192K, used 67393K [0x00000000e0000000, 0x00000000e8500000, 0x00000000f5500000)
  object space 136192K, 49% used [0x00000000e0000000,0x00000000e41d0770,0x00000000e8500000)
 PSPermGen       total 86016K, used 57700K [0x00000000c0000000, 0x00000000c5400000, 0x00000000e0000000)
  object space 86016K, 67% used [0x00000000c0000000,0x00000000c38591a0,0x00000000c5400000)
Event: 6738.872 GC heap after
Heap after GC invocations=29 (full 2):
 PSYoungGen      total 66048K, used 7395K [0x00000000f5500000, 0x00000000ff200000, 0x0000000100000000)
  eden space 58368K, 0% used [0x00000000f5500000,0x00000000f5500000,0x00000000f8e00000)
  from space 7680K, 96% used [0x00000000f8f80000,0x00000000f96b8d58,0x00000000f9700000)
  to   space 51200K, 0% used [0x00000000fc000000,0x00000000fc000000,0x00000000ff200000)
 ParOldGen       total 136192K, used 67393K [0x00000000e0000000, 0x00000000e8500000, 0x00000000f5500000)
  object space 136192K, 49% used [0x00000000e0000000,0x00000000e41d0770,0x00000000e8500000)
 PSPermGen       total 86016K, used 57700K [0x00000000c0000000, 0x00000000c5400000, 0x00000000e0000000)
  object space 86016K, 67% used [0x00000000c0000000,0x00000000c38591a0,0x00000000c5400000)
}

